\BOOKMARK [0][-]{chapter.1}{Introducci\363n}{}% 1
\BOOKMARK [1][-]{section.1.1}{Motivaci\363n del proyecto}{chapter.1}% 2
\BOOKMARK [1][-]{section.1.2}{Propuesta y objetivos}{chapter.1}% 3
\BOOKMARK [1][-]{section.1.3}{Estructura del documento}{chapter.1}% 4
\BOOKMARK [0][-]{chapter.2}{Estado del arte}{}% 5
\BOOKMARK [1][-]{section.2.1}{Framework de desarrollo de aplicaciones: Flutter}{chapter.2}% 6
\BOOKMARK [2][-]{subsection.2.1.1}{Dart, el lenguaje detr\341s de Flutter}{section.2.1}% 7
\BOOKMARK [2][-]{subsection.2.1.2}{Instalaci\363n y primer uso b\341sico}{section.2.1}% 8
\BOOKMARK [2][-]{subsection.2.1.3}{Widgets}{section.2.1}% 9
\BOOKMARK [1][-]{section.2.2}{API Web de Spotify}{chapter.2}% 10
\BOOKMARK [2][-]{subsection.2.2.1}{Visi\363n general de la API}{section.2.2}% 11
\BOOKMARK [2][-]{subsection.2.2.2}{Datos de cuenta de los usuarios}{section.2.2}% 12
\BOOKMARK [2][-]{subsection.2.2.3}{Canciones m\341s escuchadas}{section.2.2}% 13
\BOOKMARK [2][-]{subsection.2.2.4}{Recomendaciones}{section.2.2}% 14
\BOOKMARK [2][-]{subsection.2.2.5}{Crear playlist}{section.2.2}% 15
\BOOKMARK [1][-]{section.2.3}{Recomendaci\363n}{chapter.2}% 16
\BOOKMARK [2][-]{subsection.2.3.1}{M\351todos y t\351cnicas de recomendaci\363n}{section.2.3}% 17
\BOOKMARK [2][-]{subsection.2.3.2}{Tipos de sistemas de recomendaci\363n}{section.2.3}% 18
\BOOKMARK [2][-]{subsection.2.3.3}{Estrategias de agregaci\363n}{section.2.3}% 19
\BOOKMARK [2][-]{subsection.2.3.4}{Evaluaci\363n de nuestro sistema de recomendaci\363n}{section.2.3}% 20
\BOOKMARK [0][-]{chapter.3}{Desarrollo de nuestra aplicaci\363n}{}% 21
\BOOKMARK [1][-]{section.3.1}{An\341lisis de requisitos b\341sico}{chapter.3}% 22
\BOOKMARK [1][-]{section.3.2}{Dise\361o de la aplicaci\363n}{chapter.3}% 23
\BOOKMARK [1][-]{section.3.3}{Implementaci\363n de la aplicaci\363n}{chapter.3}% 24
\BOOKMARK [0][-]{chapter.4}{Pruebas y resultados}{}% 25
\BOOKMARK [0][-]{chapter.5}{Conclusiones y trabajo futuro}{}% 26
\BOOKMARK [0][-]{chapter*.30}{Bibliograf\355a}{}% 27
